<?xml version="1.0" encoding="UTF-8"?>
<testsuite xmlns:xsi="http://www.w3.org/2001/XMLSchema-instance" xsi:noNamespaceSchemaLocation="https://maven.apache.org/surefire/maven-surefire-plugin/xsd/surefire-test-report-3.0.xsd" version="3.0" name="net.talaatharb.project.OhceTests" time="1.37" tests="8" errors="0" skipped="0" failures="0">
  <properties>
[...]
</properties>
  <testcase name="testStopsWhenSentStopPhrase" classname="net.talaatharb.project.OhceTests" time="1.189">
    <system-err><![CDATA[WARNING: A Java agent has been loaded dynamically (C:\Users\mharb\.m2\repository\net\bytebuddy\byte-buddy-agent\1.14.10\byte-buddy-agent-1.14.10.jar)
WARNING: If a serviceability tool is in use, please run with -XX:+EnableDynamicAgentLoading to hide this warning
WARNING: If a serviceability tool is not in use, please run with -Djdk.instrument.traceUsage for more information
WARNING: Dynamic loading of agents will be disallowed by default in a future release
]]></system-err>
  </testcase>
  <testcase name="testHandlesPalindrome(String)[1]" classname="net.talaatharb.project.OhceTests" time="0.046"/>
  <testcase name="testAtStartAndOutputsCorrectWelcomeMessage(int, String)[1]" classname="net.talaatharb.project.OhceTests" time="0.011"/>
  <testcase name="testAtStartAndOutputsCorrectWelcomeMessage(int, String)[2]" classname="net.talaatharb.project.OhceTests" time="0.003"/>
  <testcase name="testAtStartAndOutputsCorrectWelcomeMessage(int, String)[3]" classname="net.talaatharb.project.OhceTests" time="0.002"/>
  <testcase name="testOutputsReverse(String, String)[1]" classname="net.talaatharb.project.OhceTests" time="0.004"/>
  <testcase name="testOutputsReverse(String, String)[2]" classname="net.talaatharb.project.OhceTests" time="0.002"/>
  <testcase name="testOutputsReverse(String, String)[3]" classname="net.talaatharb.project.OhceTests" time="0.002"/>
</testsuite>