<?xml version="1.0" encoding="UTF-8"?>
<testsuite xmlns:xsi="http://www.w3.org/2001/XMLSchema-instance" xsi:noNamespaceSchemaLocation="https://maven.apache.org/surefire/maven-surefire-plugin/xsd/surefire-test-report-3.0.xsd" version="3.0" name="net.talaatharb.project.field.ShoppingCartTest" time="0.006" tests="4" errors="0" skipped="0" failures="0">
  <properties>
[...]
</properties>
  <testcase name="singleItem_totalPrice" classname="net.talaatharb.project.field.ShoppingCartTest" time="0.001"/>
  <testcase name="singleItem_numberOfProductsInTheCart" classname="net.talaatharb.project.field.ShoppingCartTest" time="0.001"/>
  <testcase name="singleItem_hasDiscountIfContainsAtLeastOneProductWorthAtLeast100" classname="net.talaatharb.project.field.ShoppingCartTest" time="0.001"/>
  <testcase name="singleItem_doesNotHaveDiscountIfContainsNoProductsWorthAtLeast100" classname="net.talaatharb.project.field.ShoppingCartTest" time="0.001"/>
</testsuite>